Cuda available devices: 4.
Complete loading the pretrained model.
2022-04-09 16:28:01.306931 -Train- Epoch [1][20/60]: loss:22.38239860534668, acc:0.75546875, f1_score:0.28447031518727633
2022-04-09 16:28:07.777227 -Train- Epoch [1][40/60]: loss:12.308313369750977, acc:0.78916015625, f1_score:0.2940144150285124
2022-04-09 16:28:16.018796 -Train- Epoch [1][60/60]: loss:11.880304336547852, acc:0.7840338720034247, f1_score:0.29292829547494326
--------------------------------------------------------------------------
Evaluation after [1/20] epochs...
2022-04-09 16:28:24.905549 -Eval- Loss:11.254611015319824, acc:0.7135635504201681, f1_score:0.27756641578100916
Now best checkpoint is 0.27756641578100916, saved as /home/shenjiyuan/deepfake/deepfake/checkpoint/resnet18/2/best_model.pth
--------------------------------------------------------------------------
2022-04-09 16:28:37.939379 -Train- Epoch [2][20/60]: loss:10.787944793701172, acc:0.78837890625, f1_score:0.2938489013994242
2022-04-09 16:28:46.156581 -Train- Epoch [2][40/60]: loss:10.058099746704102, acc:0.8083984375, f1_score:0.5022967002952852
2022-04-09 16:28:55.425739 -Train- Epoch [2][60/60]: loss:9.387845039367676, acc:0.8166604238013699, f1_score:0.5565398032653756
--------------------------------------------------------------------------
Evaluation after [2/20] epochs...
2022-04-09 16:29:04.056953 -Eval- Loss:7.26032018661499, acc:0.6649323792016807, f1_score:0.40893620898923067
Now best checkpoint is 0.40893620898923067, saved as /home/shenjiyuan/deepfake/deepfake/checkpoint/resnet18/2/best_model.pth
--------------------------------------------------------------------------
2022-04-09 16:29:17.568988 -Train- Epoch [3][20/60]: loss:8.934992790222168, acc:0.82412109375, f1_score:0.5968587811153218
2022-04-09 16:29:29.151085 -Train- Epoch [3][40/60]: loss:8.611154556274414, acc:0.82998046875, f1_score:0.5973663337855656
2022-04-09 16:29:41.805833 -Train- Epoch [3][60/60]: loss:8.58570671081543, acc:0.825984589041096, f1_score:0.5984909413097508
--------------------------------------------------------------------------
Evaluation after [3/20] epochs...
2022-04-09 16:29:51.153531 -Eval- Loss:7.212122917175293, acc:0.7125295430672269, f1_score:0.2773655182716795
--------------------------------------------------------------------------
2022-04-09 16:30:06.259322 -Train- Epoch [4][20/60]: loss:8.540570259094238, acc:0.82392578125, f1_score:0.5991360967016354
2022-04-09 16:30:19.197644 -Train- Epoch [4][40/60]: loss:8.425764083862305, acc:0.828515625, f1_score:0.6087053189705244
2022-04-09 16:30:32.225196 -Train- Epoch [4][60/60]: loss:8.064346313476562, acc:0.8361889982876713, f1_score:0.6208001072585441
--------------------------------------------------------------------------
Evaluation after [4/20] epochs...
2022-04-09 16:30:41.116003 -Eval- Loss:6.866562366485596, acc:0.7395122111344538, f1_score:0.5400232167529158
Now best checkpoint is 0.5400232167529158, saved as /home/shenjiyuan/deepfake/deepfake/checkpoint/resnet18/2/best_model.pth
--------------------------------------------------------------------------
2022-04-09 16:30:56.832860 -Train- Epoch [5][20/60]: loss:8.202037811279297, acc:0.83369140625, f1_score:0.6250878277648507
2022-04-09 16:31:09.781499 -Train- Epoch [5][40/60]: loss:8.196995735168457, acc:0.8328125, f1_score:0.6225298177996634
2022-04-09 16:31:22.545178 -Train- Epoch [5][60/60]: loss:8.394102096557617, acc:0.8285450556506848, f1_score:0.6102714424525306
--------------------------------------------------------------------------
Evaluation after [5/20] epochs...
2022-04-09 16:31:31.478291 -Eval- Loss:7.426076412200928, acc:0.7570082720588235, f1_score:0.5974743341833719
Now best checkpoint is 0.5974743341833719, saved as /home/shenjiyuan/deepfake/deepfake/checkpoint/resnet18/2/best_model.pth
--------------------------------------------------------------------------
2022-04-09 16:31:47.070396 -Train- Epoch [6][20/60]: loss:8.100617408752441, acc:0.8328125, f1_score:0.6132385790281779
2022-04-09 16:31:59.606788 -Train- Epoch [6][40/60]: loss:8.17580509185791, acc:0.83115234375, f1_score:0.6164821948686077
2022-04-09 16:32:13.107167 -Train- Epoch [6][60/60]: loss:8.047998428344727, acc:0.8328218642979452, f1_score:0.6279137140312215
--------------------------------------------------------------------------
Evaluation after [6/20] epochs...
2022-04-09 16:32:21.980637 -Eval- Loss:6.69220495223999, acc:0.6991695115546218, f1_score:0.4492014841301609
--------------------------------------------------------------------------
2022-04-09 16:32:36.882778 -Train- Epoch [7][20/60]: loss:7.853302478790283, acc:0.83857421875, f1_score:0.6204285556141196
2022-04-09 16:32:50.107482 -Train- Epoch [7][40/60]: loss:7.9565653800964355, acc:0.8265625, f1_score:0.618213454434708
2022-04-09 16:33:03.555900 -Train- Epoch [7][60/60]: loss:7.3330230712890625, acc:0.8330211900684932, f1_score:0.6626190201439277
--------------------------------------------------------------------------
Evaluation after [7/20] epochs...
2022-04-09 16:33:12.593476 -Eval- Loss:5.367526054382324, acc:0.7137112657563025, f1_score:0.27760621200975183
--------------------------------------------------------------------------
2022-04-09 16:33:26.728690 -Train- Epoch [8][20/60]: loss:4.942879676818848, acc:0.8921875, f1_score:0.8390301110022047
2022-04-09 16:33:39.330190 -Train- Epoch [8][40/60]: loss:9.218348503112793, acc:0.81669921875, f1_score:0.593751865158415
2022-04-09 16:33:52.810165 -Train- Epoch [8][60/60]: loss:7.677363395690918, acc:0.8315001605308219, f1_score:0.6382622691139165
--------------------------------------------------------------------------
Evaluation after [8/20] epochs...
2022-04-09 16:34:01.701243 -Eval- Loss:7.512444019317627, acc:0.049714417016806726, f1_score:0.031503942834862186
--------------------------------------------------------------------------
2022-04-09 16:34:17.056730 -Train- Epoch [9][20/60]: loss:7.137413501739502, acc:0.844140625, f1_score:0.682934523884467
2022-04-09 16:34:29.667055 -Train- Epoch [9][40/60]: loss:6.267495632171631, acc:0.86064453125, f1_score:0.7773289856120963
2022-04-09 16:34:42.796194 -Train- Epoch [9][60/60]: loss:4.143282890319824, acc:0.9154965753424656, f1_score:0.8799383346304575
--------------------------------------------------------------------------
Evaluation after [9/20] epochs...
2022-04-09 16:34:51.926818 -Eval- Loss:2.782788038253784, acc:0.7153361344537815, f1_score:0.27791071369881176
--------------------------------------------------------------------------
2022-04-09 16:35:06.054112 -Train- Epoch [10][20/60]: loss:3.475694179534912, acc:0.9330078125, f1_score:0.9073614831867423
2022-04-09 16:35:18.482781 -Train- Epoch [10][40/60]: loss:3.2606070041656494, acc:0.93505859375, f1_score:0.9063533821848038
2022-04-09 16:35:31.364787 -Train- Epoch [10][60/60]: loss:2.401118755340576, acc:0.9576613334760274, f1_score:0.9377154318932028
--------------------------------------------------------------------------
Evaluation after [10/20] epochs...
2022-04-09 16:35:40.486882 -Eval- Loss:1.9405204057693481, acc:0.7159762342436975, f1_score:0.3096483751960559
--------------------------------------------------------------------------
2022-04-09 16:35:54.614862 -Train- Epoch [11][20/60]: loss:1.6957805156707764, acc:0.97001953125, f1_score:0.9548455863252444
2022-04-09 16:36:06.781421 -Train- Epoch [11][40/60]: loss:1.2121914625167847, acc:0.9810546875, f1_score:0.9708714390308009
2022-04-09 16:36:19.507671 -Train- Epoch [11][60/60]: loss:1.544032096862793, acc:0.9741893193493152, f1_score:0.9588442430093898
--------------------------------------------------------------------------
Evaluation after [11/20] epochs...
2022-04-09 16:36:28.016155 -Eval- Loss:2.2065086364746094, acc:0.7106092436974789, f1_score:0.2767813683978972
--------------------------------------------------------------------------
2022-04-09 16:36:42.142548 -Train- Epoch [12][20/60]: loss:1.272704839706421, acc:0.97880859375, f1_score:0.9674289357495531
2022-04-09 16:36:54.569767 -Train- Epoch [12][40/60]: loss:0.5593109130859375, acc:0.99091796875, f1_score:0.9848612050767681
2022-04-09 16:37:06.408535 -Train- Epoch [12][60/60]: loss:0.4377405047416687, acc:0.99306640625, f1_score:0.988700406220215
--------------------------------------------------------------------------
Evaluation after [12/20] epochs...
2022-04-09 16:37:15.081492 -Eval- Loss:0.14528340101242065, acc:0.712874212184874, f1_score:0.27738643951167635
--------------------------------------------------------------------------
2022-04-09 16:37:29.529602 -Train- Epoch [13][20/60]: loss:0.505974531173706, acc:0.99208984375, f1_score:0.9893268432686355
2022-04-09 16:37:42.198925 -Train- Epoch [13][40/60]: loss:0.5120114088058472, acc:0.99150390625, f1_score:0.9864993689698671
2022-04-09 16:37:54.404282 -Train- Epoch [13][60/60]: loss:0.7397529482841492, acc:0.988816352739726, f1_score:0.9824731397160289
--------------------------------------------------------------------------
Evaluation after [13/20] epochs...
2022-04-09 16:38:03.083149 -Eval- Loss:0.8122161030769348, acc:0.7123490021008404, f1_score:0.30574312451289215
--------------------------------------------------------------------------
2022-04-09 16:38:18.199982 -Train- Epoch [14][20/60]: loss:0.649013102054596, acc:0.9896484375, f1_score:0.9825823430065114
2022-04-09 16:38:29.976085 -Train- Epoch [14][40/60]: loss:0.5366766452789307, acc:0.99072265625, f1_score:0.9850880872577849
2022-04-09 16:38:42.111548 -Train- Epoch [14][60/60]: loss:0.43148672580718994, acc:0.9926022046232876, f1_score:0.9881640100395972
--------------------------------------------------------------------------
Evaluation after [14/20] epochs...
2022-04-09 16:38:51.262540 -Eval- Loss:0.18082697689533234, acc:0.7131204044117647, f1_score:0.2774952873161646
--------------------------------------------------------------------------
2022-04-09 16:39:04.969847 -Train- Epoch [15][20/60]: loss:0.3202291429042816, acc:0.995703125, f1_score:0.9923257329651767
2022-04-09 16:39:17.875373 -Train- Epoch [15][40/60]: loss:0.44176846742630005, acc:0.992578125, f1_score:0.986379585647493
2022-04-09 16:39:29.165100 -Train- Epoch [15][60/60]: loss:0.44251933693885803, acc:0.9932122217465753, f1_score:0.9887650561137813
--------------------------------------------------------------------------
Evaluation after [15/20] epochs...
2022-04-09 16:39:38.213227 -Eval- Loss:0.30383843183517456, acc:0.7112165178571429, f1_score:0.27703041841287507
--------------------------------------------------------------------------
2022-04-09 16:39:53.107204 -Train- Epoch [16][20/60]: loss:0.3317950665950775, acc:0.99501953125, f1_score:0.9912641804698339
2022-04-09 16:40:04.176827 -Train- Epoch [16][40/60]: loss:0.38600265979766846, acc:0.99501953125, f1_score:0.9902972086938482
2022-04-09 16:40:16.457859 -Train- Epoch [16][60/60]: loss:0.4783690869808197, acc:0.9935051904965754, f1_score:0.9877055014097407
--------------------------------------------------------------------------
Evaluation after [16/20] epochs...
2022-04-09 16:40:25.522606 -Eval- Loss:0.6590795516967773, acc:0.663110556722689, f1_score:0.3201540932440328
--------------------------------------------------------------------------
2022-04-09 16:40:39.456880 -Train- Epoch [17][20/60]: loss:0.4503108263015747, acc:0.9927734375, f1_score:0.986360200753975
2022-04-09 16:40:52.021348 -Train- Epoch [17][40/60]: loss:0.3294527530670166, acc:0.99521484375, f1_score:0.9899085409467656
2022-04-09 16:41:04.152048 -Train- Epoch [17][60/60]: loss:0.4396743178367615, acc:0.9926249464897261, f1_score:0.9873108114670792
--------------------------------------------------------------------------
Evaluation after [17/20] epochs...
2022-04-09 16:41:13.158744 -Eval- Loss:1.1167482137680054, acc:0.6987591911764706, f1_score:0.2765218001395292
--------------------------------------------------------------------------
2022-04-09 16:41:26.829288 -Train- Epoch [18][20/60]: loss:0.5367207527160645, acc:0.9908203125, f1_score:0.9838043222306926
2022-04-09 16:41:39.207933 -Train- Epoch [18][40/60]: loss:0.35848766565322876, acc:0.9947265625, f1_score:0.9903755012658344
2022-04-09 16:41:51.962064 -Train- Epoch [18][60/60]: loss:0.5408602356910706, acc:0.9901835402397261, f1_score:0.9820264913331535
--------------------------------------------------------------------------
Evaluation after [18/20] epochs...
2022-04-09 16:42:00.645179 -Eval- Loss:0.6083241105079651, acc:0.7116432510504201, f1_score:0.27709058138868636
--------------------------------------------------------------------------
2022-04-09 16:42:14.651181 -Train- Epoch [19][20/60]: loss:0.40902552008628845, acc:0.9931640625, f1_score:0.9876845860073807
2022-04-09 16:42:28.169360 -Train- Epoch [19][40/60]: loss:0.35126161575317383, acc:0.99423828125, f1_score:0.9907501785060511
2022-04-09 16:42:39.884391 -Train- Epoch [19][60/60]: loss:0.46703043580055237, acc:0.9926262842465754, f1_score:0.9858474396489306
--------------------------------------------------------------------------
Evaluation after [19/20] epochs...
2022-04-09 16:42:48.566208 -Eval- Loss:0.3931759297847748, acc:0.6674271271008404, f1_score:0.2686896266350368
--------------------------------------------------------------------------
2022-04-09 16:43:03.057705 -Train- Epoch [20][20/60]: loss:0.5106528997421265, acc:0.9912109375, f1_score:0.9841020333605262
2022-04-09 16:43:14.822329 -Train- Epoch [20][40/60]: loss:0.3276705741882324, acc:0.99482421875, f1_score:0.9889619426199671
2022-04-09 16:43:27.611100 -Train- Epoch [20][60/60]: loss:0.2917865812778473, acc:0.9954342358732877, f1_score:0.9936486006794031
--------------------------------------------------------------------------
Evaluation after [20/20] epochs...
2022-04-09 16:43:36.587297 -Eval- Loss:0.23029227554798126, acc:0.4140953256302521, f1_score:0.2681489190053087
--------------------------------------------------------------------------
Finish train.~
