Cuda available devices: 4.
Complete loading the pretrained model.
2022-04-09 22:28:04.783105 -Train- Epoch [1][20/80]: loss:26.944232940673828, acc:0.4939453125, f1_score:0.22975365070807957
2022-04-09 22:28:10.931087 -Train- Epoch [1][40/80]: loss:16.74679946899414, acc:0.59248046875, f1_score:0.2552602239595273
2022-04-09 22:28:18.349089 -Train- Epoch [1][60/80]: loss:16.167037963867188, acc:0.5947265625, f1_score:0.24937453036915586
2022-04-09 22:28:25.490382 -Train- Epoch [1][80/80]: loss:15.53126049041748, acc:0.5966721754807692, f1_score:0.25571051525445565
--------------------------------------------------------------------------
Evaluation after [1/15] epochs...
2022-04-09 22:28:36.912754 -Eval- Loss:15.731149673461914, acc:0.524796195652174, f1_score:0.2293529324570592
Now best checkpoint is 0.2293529324570592, saved as /home/shenjiyuan/deepfake/deepfake/checkpoint/resnet18/3/best_model.pth
--------------------------------------------------------------------------
2022-04-09 22:28:49.015618 -Train- Epoch [2][20/80]: loss:14.971719741821289, acc:0.58828125, f1_score:0.24685729523840577
2022-04-09 22:28:56.010329 -Train- Epoch [2][40/80]: loss:14.3574857711792, acc:0.608203125, f1_score:0.4242396758489716
2022-04-09 22:29:04.099441 -Train- Epoch [2][60/80]: loss:13.801247596740723, acc:0.608984375, f1_score:0.4604629300222648
2022-04-09 22:29:11.035015 -Train- Epoch [2][80/80]: loss:12.831750869750977, acc:0.6096379206730769, f1_score:0.5299903186744777
--------------------------------------------------------------------------
Evaluation after [2/15] epochs...
2022-04-09 22:29:22.653756 -Eval- Loss:10.865450859069824, acc:0.5510762299771167, f1_score:0.5001925089926591
Now best checkpoint is 0.5001925089926591, saved as /home/shenjiyuan/deepfake/deepfake/checkpoint/resnet18/3/best_model.pth
--------------------------------------------------------------------------
2022-04-09 22:29:33.751056 -Train- Epoch [3][20/80]: loss:12.849936485290527, acc:0.59267578125, f1_score:0.5642177959527608
2022-04-09 22:29:40.994732 -Train- Epoch [3][40/80]: loss:11.952494621276855, acc:0.6072265625, f1_score:0.5847091318730799
2022-04-09 22:29:48.532575 -Train- Epoch [3][60/80]: loss:11.257070541381836, acc:0.6689453125, f1_score:0.6961685938989475
2022-04-09 22:29:55.706040 -Train- Epoch [3][80/80]: loss:10.202377319335938, acc:0.7442908653846154, f1_score:0.7546249522611496
--------------------------------------------------------------------------
Evaluation after [3/15] epochs...
2022-04-09 22:30:06.632914 -Eval- Loss:10.435160636901855, acc:0.5245950729405034, f1_score:0.22932305182317791
--------------------------------------------------------------------------
2022-04-09 22:30:18.066517 -Train- Epoch [4][20/80]: loss:8.046856880187988, acc:0.82099609375, f1_score:0.834069909491212
2022-04-09 22:30:27.333591 -Train- Epoch [4][40/80]: loss:3.474581480026245, acc:0.9357421875, f1_score:0.9238499974585064
2022-04-09 22:30:36.685078 -Train- Epoch [4][60/80]: loss:2.7372512817382812, acc:0.95009765625, f1_score:0.9396682690259983
2022-04-09 22:30:46.528926 -Train- Epoch [4][80/80]: loss:1.7957502603530884, acc:0.9716947115384615, f1_score:0.964437868512823
--------------------------------------------------------------------------
Evaluation after [4/15] epochs...
2022-04-09 22:30:58.180034 -Eval- Loss:3.239182472229004, acc:0.4224470823798627, f1_score:0.23330607291078534
--------------------------------------------------------------------------
2022-04-09 22:31:11.170873 -Train- Epoch [5][20/80]: loss:2.0662195682525635, acc:0.9640625, f1_score:0.9601083199739063
2022-04-09 22:31:23.590966 -Train- Epoch [5][40/80]: loss:1.1733535528182983, acc:0.97958984375, f1_score:0.9752044858111224
2022-04-09 22:31:36.703929 -Train- Epoch [5][60/80]: loss:0.9414833784103394, acc:0.9857421875, f1_score:0.9773744283509428
2022-04-09 22:31:49.080714 -Train- Epoch [5][80/80]: loss:0.9936733841896057, acc:0.983721454326923, f1_score:0.975285595966008
--------------------------------------------------------------------------
Evaluation after [5/15] epochs...
2022-04-09 22:32:00.520724 -Eval- Loss:3.927671194076538, acc:0.5466515303203662, f1_score:0.4385300982340844
--------------------------------------------------------------------------
2022-04-09 22:32:16.456573 -Train- Epoch [6][20/80]: loss:3.1632840633392334, acc:0.94130859375, f1_score:0.9027568474055446
2022-04-09 22:32:29.191667 -Train- Epoch [6][40/80]: loss:1.5349047183990479, acc:0.97265625, f1_score:0.9589791121766991
2022-04-09 22:32:43.201950 -Train- Epoch [6][60/80]: loss:0.7484760880470276, acc:0.9888671875, f1_score:0.983749346341169
2022-04-09 22:32:57.096416 -Train- Epoch [6][80/80]: loss:1.3444759845733643, acc:0.9805889423076923, f1_score:0.9696204303173523
--------------------------------------------------------------------------
Evaluation after [6/15] epochs...
2022-04-09 22:33:08.314862 -Eval- Loss:13.652427673339844, acc:0.5265213815789473, f1_score:0.22987640585552774
--------------------------------------------------------------------------
2022-04-09 22:33:24.903864 -Train- Epoch [7][20/80]: loss:1.7006715536117554, acc:0.9716796875, f1_score:0.9383590782221811
2022-04-09 22:33:37.915183 -Train- Epoch [7][40/80]: loss:0.8373493552207947, acc:0.98671875, f1_score:0.9768802736307849
2022-04-09 22:33:51.952004 -Train- Epoch [7][60/80]: loss:0.6591177582740784, acc:0.99013671875, f1_score:0.9843893787361851
2022-04-09 22:34:03.883224 -Train- Epoch [7][80/80]: loss:0.5619446039199829, acc:0.989287860576923, f1_score:0.9869882731435426
--------------------------------------------------------------------------
Evaluation after [7/15] epochs...
2022-04-09 22:34:15.071970 -Eval- Loss:1.0460007190704346, acc:0.5253995637871853, f1_score:0.22956798770672981
--------------------------------------------------------------------------
2022-04-09 22:34:31.346159 -Train- Epoch [8][20/80]: loss:0.729336678981781, acc:0.988671875, f1_score:0.98184500741168
2022-04-09 22:34:44.578231 -Train- Epoch [8][40/80]: loss:0.7189748287200928, acc:0.98876953125, f1_score:0.985764300432401
2022-04-09 22:34:57.281180 -Train- Epoch [8][60/80]: loss:0.5995951294898987, acc:0.98974609375, f1_score:0.9852178167473733
2022-04-09 22:35:08.214296 -Train- Epoch [8][80/80]: loss:0.7512101531028748, acc:0.987432391826923, f1_score:0.9861029968628626
--------------------------------------------------------------------------
Evaluation after [8/15] epochs...
2022-04-09 22:35:19.300400 -Eval- Loss:2.0550522804260254, acc:0.5261191361556063, f1_score:0.229763216753388
--------------------------------------------------------------------------
2022-04-09 22:35:33.345038 -Train- Epoch [9][20/80]: loss:0.9284534454345703, acc:0.98359375, f1_score:0.9651119335968344
2022-04-09 22:35:45.534745 -Train- Epoch [9][40/80]: loss:0.7952368855476379, acc:0.9861328125, f1_score:0.9765663989364363
2022-04-09 22:35:58.503254 -Train- Epoch [9][60/80]: loss:0.7143879532814026, acc:0.98837890625, f1_score:0.9777588738167591
2022-04-09 22:36:10.302316 -Train- Epoch [9][80/80]: loss:0.6618033051490784, acc:0.9884239783653846, f1_score:0.9869715844530553
--------------------------------------------------------------------------
Evaluation after [9/15] epochs...
2022-04-09 22:36:22.028421 -Eval- Loss:3.6873950958251953, acc:0.5230710097254004, f1_score:0.22906542784770997
--------------------------------------------------------------------------
2022-04-09 22:36:35.689248 -Train- Epoch [10][20/80]: loss:1.0437926054000854, acc:0.98134765625, f1_score:0.9767554437575265
2022-04-09 22:36:48.333269 -Train- Epoch [10][40/80]: loss:0.5619180202484131, acc:0.99072265625, f1_score:0.9864335944343935
2022-04-09 22:37:00.227750 -Train- Epoch [10][60/80]: loss:0.5759183764457703, acc:0.99130859375, f1_score:0.9870809775038742
2022-04-09 22:37:12.776738 -Train- Epoch [10][80/80]: loss:0.5550265908241272, acc:0.9917142427884615, f1_score:0.9907533385333892
--------------------------------------------------------------------------
Evaluation after [10/15] epochs...
2022-04-09 22:37:24.150401 -Eval- Loss:1.8605667352676392, acc:0.7673948798627003, f1_score:0.702244540772979
Now best checkpoint is 0.702244540772979, saved as /home/shenjiyuan/deepfake/deepfake/checkpoint/resnet18/3/best_model.pth
--------------------------------------------------------------------------
2022-04-09 22:37:38.411380 -Train- Epoch [11][20/80]: loss:0.7097551822662354, acc:0.98837890625, f1_score:0.9787436002730183
2022-04-09 22:37:50.723225 -Train- Epoch [11][40/80]: loss:0.5513696074485779, acc:0.99033203125, f1_score:0.9834245532893992
2022-04-09 22:38:03.239882 -Train- Epoch [11][60/80]: loss:0.44282767176628113, acc:0.9931640625, f1_score:0.9915653073840328
2022-04-09 22:38:15.292611 -Train- Epoch [11][80/80]: loss:0.45180976390838623, acc:0.9919095552884615, f1_score:0.9869199783020693
--------------------------------------------------------------------------
Evaluation after [11/15] epochs...
2022-04-09 22:38:26.440686 -Eval- Loss:0.5056787133216858, acc:0.5302756721967963, f1_score:0.40110800273031766
--------------------------------------------------------------------------
2022-04-09 22:38:40.211851 -Train- Epoch [12][20/80]: loss:0.6472615599632263, acc:0.98994140625, f1_score:0.9839410420013952
2022-04-09 22:38:52.197313 -Train- Epoch [12][40/80]: loss:0.5884807705879211, acc:0.99033203125, f1_score:0.9832418542302058
2022-04-09 22:39:05.052460 -Train- Epoch [12][60/80]: loss:0.5022519826889038, acc:0.99130859375, f1_score:0.9851903702648208
2022-04-09 22:39:17.308820 -Train- Epoch [12][80/80]: loss:0.6620745062828064, acc:0.9894005408653846, f1_score:0.9831597660751094
--------------------------------------------------------------------------
Evaluation after [12/15] epochs...
2022-04-09 22:39:29.049122 -Eval- Loss:3.8875246047973633, acc:0.5247515017162472, f1_score:0.23044850202074493
--------------------------------------------------------------------------
2022-04-09 22:39:42.066091 -Train- Epoch [13][20/80]: loss:2.096356153488159, acc:0.9634765625, f1_score:0.9421325125147867
2022-04-09 22:39:54.761829 -Train- Epoch [13][40/80]: loss:1.1070373058319092, acc:0.98115234375, f1_score:0.9706226599754707
2022-04-09 22:40:06.034723 -Train- Epoch [13][60/80]: loss:0.6262365579605103, acc:0.98994140625, f1_score:0.984806180635472
2022-04-09 22:40:19.163039 -Train- Epoch [13][80/80]: loss:0.6193137764930725, acc:0.9884915865384615, f1_score:0.980998256375611
--------------------------------------------------------------------------
Evaluation after [13/15] epochs...
2022-04-09 22:40:30.388955 -Eval- Loss:0.52513188123703, acc:0.6340058280892449, f1_score:0.4076371753678703
--------------------------------------------------------------------------
2022-04-09 22:40:43.908308 -Train- Epoch [14][20/80]: loss:0.8126308917999268, acc:0.98544921875, f1_score:0.9737871435960498
2022-04-09 22:40:56.891115 -Train- Epoch [14][40/80]: loss:0.4127243161201477, acc:0.99326171875, f1_score:0.9862892499004415
2022-04-09 22:41:09.439469 -Train- Epoch [14][60/80]: loss:0.6448466181755066, acc:0.9884765625, f1_score:0.9817784295862321
2022-04-09 22:41:21.190132 -Train- Epoch [14][80/80]: loss:0.5813018083572388, acc:0.9889122596153846, f1_score:0.973409848755912
--------------------------------------------------------------------------
Evaluation after [14/15] epochs...
2022-04-09 22:41:32.528352 -Eval- Loss:2.4080889225006104, acc:0.5258867276887872, f1_score:0.22992805946499906
--------------------------------------------------------------------------
2022-04-09 22:41:45.921918 -Train- Epoch [15][20/80]: loss:6.054327487945557, acc:0.8978515625, f1_score:0.8364122503818393
2022-04-09 22:41:57.794363 -Train- Epoch [15][40/80]: loss:4.721593379974365, acc:0.91953125, f1_score:0.831514242956216
2022-04-09 22:42:09.442387 -Train- Epoch [15][60/80]: loss:1.7914156913757324, acc:0.9685546875, f1_score:0.9380454382830807
2022-04-09 22:42:22.016138 -Train- Epoch [15][80/80]: loss:1.153536081314087, acc:0.9806415264423076, f1_score:0.9703315355679074
--------------------------------------------------------------------------
Evaluation after [15/15] epochs...
2022-04-09 22:42:33.097413 -Eval- Loss:5.751600742340088, acc:0.5438581593249429, f1_score:0.26255822563175946
--------------------------------------------------------------------------
Finish train.~
