Cuda available devices: 4.
Complete loading the pretrained model.
2022-04-09 19:41:03.970970 -Train- Epoch [1][20/60]: loss:32.85897445678711, acc:0.7486328125, f1_score:0.2840657225059824
2022-04-09 19:41:10.403143 -Train- Epoch [1][40/60]: loss:16.100465774536133, acc:0.787109375, f1_score:0.29690863421772323
2022-04-09 19:41:16.609566 -Train- Epoch [1][60/60]: loss:12.686286926269531, acc:0.7822747217465753, f1_score:0.29394789369616325
--------------------------------------------------------------------------
Evaluation after [1/15] epochs...
2022-04-09 19:41:24.739893 -Eval- Loss:11.519096374511719, acc:0.7135635504201681, f1_score:0.27756641578100916
Now best checkpoint is 0.27756641578100916, saved as /home/shenjiyuan/deepfake/deepfake/checkpoint/resnet18/1/best_model.pth
--------------------------------------------------------------------------
2022-04-09 19:41:35.837164 -Train- Epoch [2][20/60]: loss:12.325634956359863, acc:0.78642578125, f1_score:0.29633687702956646
2022-04-09 19:41:42.335827 -Train- Epoch [2][40/60]: loss:12.423564910888672, acc:0.7837890625, f1_score:0.30058291655243247
2022-04-09 19:41:48.665336 -Train- Epoch [2][60/60]: loss:12.017308235168457, acc:0.7861863227739726, f1_score:0.30220572173807364
--------------------------------------------------------------------------
Evaluation after [2/15] epochs...
2022-04-09 19:41:57.490325 -Eval- Loss:9.790462493896484, acc:0.7160090598739496, f1_score:0.3787465142993493
Now best checkpoint is 0.3787465142993493, saved as /home/shenjiyuan/deepfake/deepfake/checkpoint/resnet18/1/best_model.pth
--------------------------------------------------------------------------
2022-04-09 19:42:08.107505 -Train- Epoch [3][20/60]: loss:12.03083610534668, acc:0.78046875, f1_score:0.3158532090168601
2022-04-09 19:42:14.719338 -Train- Epoch [3][40/60]: loss:11.729629516601562, acc:0.79072265625, f1_score:0.3527505831083346
2022-04-09 19:42:20.938800 -Train- Epoch [3][60/60]: loss:11.31631088256836, acc:0.790629013270548, f1_score:0.37972268531499564
--------------------------------------------------------------------------
Evaluation after [3/15] epochs...
2022-04-09 19:42:29.359311 -Eval- Loss:9.259271621704102, acc:0.7126444327731093, f1_score:0.27883649286638496
--------------------------------------------------------------------------
2022-04-09 19:42:40.125007 -Train- Epoch [4][20/60]: loss:10.702738761901855, acc:0.7931640625, f1_score:0.4508279574161612
2022-04-09 19:42:46.677834 -Train- Epoch [4][40/60]: loss:9.55681324005127, acc:0.81005859375, f1_score:0.5298182647592387
2022-04-09 19:42:54.946899 -Train- Epoch [4][60/60]: loss:8.7778959274292, acc:0.8247605415239725, f1_score:0.5773441751646892
--------------------------------------------------------------------------
Evaluation after [4/15] epochs...
2022-04-09 19:43:03.494032 -Eval- Loss:8.200417518615723, acc:0.7282694327731093, f1_score:0.519239125431662
Now best checkpoint is 0.519239125431662, saved as /home/shenjiyuan/deepfake/deepfake/checkpoint/resnet18/1/best_model.pth
--------------------------------------------------------------------------
2022-04-09 19:43:14.284489 -Train- Epoch [5][20/60]: loss:8.79857063293457, acc:0.821875, f1_score:0.5779648397948646
2022-04-09 19:43:23.341785 -Train- Epoch [5][40/60]: loss:8.426728248596191, acc:0.82529296875, f1_score:0.5924219812704681
2022-04-09 19:43:32.336218 -Train- Epoch [5][60/60]: loss:8.349770545959473, acc:0.8273250214041095, f1_score:0.6051955935293278
--------------------------------------------------------------------------
Evaluation after [5/15] epochs...
2022-04-09 19:43:40.494879 -Eval- Loss:7.309768199920654, acc:0.723296349789916, f1_score:0.3922504688500567
--------------------------------------------------------------------------
2022-04-09 19:43:53.524281 -Train- Epoch [6][20/60]: loss:8.023491859436035, acc:0.83173828125, f1_score:0.6110911123121523
2022-04-09 19:44:04.869657 -Train- Epoch [6][40/60]: loss:8.242013931274414, acc:0.82822265625, f1_score:0.6036612292737502
2022-04-09 19:44:16.256137 -Train- Epoch [6][60/60]: loss:8.011906623840332, acc:0.830209225171233, f1_score:0.6178997480214251
--------------------------------------------------------------------------
Evaluation after [6/15] epochs...
2022-04-09 19:44:24.602628 -Eval- Loss:6.915290355682373, acc:0.7345883665966387, f1_score:0.4894559428312474
--------------------------------------------------------------------------
2022-04-09 19:44:39.700449 -Train- Epoch [7][20/60]: loss:7.716817378997803, acc:0.8390625, f1_score:0.6238182905309686
2022-04-09 19:44:54.475906 -Train- Epoch [7][40/60]: loss:8.191573143005371, acc:0.82490234375, f1_score:0.6106654221812743
2022-04-09 19:45:09.322776 -Train- Epoch [7][60/60]: loss:7.9413161277771, acc:0.8320151969178082, f1_score:0.6227667074358658
--------------------------------------------------------------------------
Evaluation after [7/15] epochs...
2022-04-09 19:45:17.359894 -Eval- Loss:6.823185443878174, acc:0.7368697478991596, f1_score:0.49274209427695015
--------------------------------------------------------------------------
2022-04-09 19:45:32.971284 -Train- Epoch [8][20/60]: loss:8.057129859924316, acc:0.82890625, f1_score:0.6184227913222566
2022-04-09 19:45:47.371021 -Train- Epoch [8][40/60]: loss:7.789618968963623, acc:0.8357421875, f1_score:0.6239155679850471
2022-04-09 19:46:02.313478 -Train- Epoch [8][60/60]: loss:7.871359348297119, acc:0.8333074700342467, f1_score:0.6254671443644192
--------------------------------------------------------------------------
Evaluation after [8/15] epochs...
2022-04-09 19:46:11.027076 -Eval- Loss:7.096681594848633, acc:0.7344078256302522, f1_score:0.5210773064826888
Now best checkpoint is 0.5210773064826888, saved as /home/shenjiyuan/deepfake/deepfake/checkpoint/resnet18/1/best_model.pth
--------------------------------------------------------------------------
2022-04-09 19:46:26.444057 -Train- Epoch [9][20/60]: loss:7.804078578948975, acc:0.833203125, f1_score:0.6265171329715352
2022-04-09 19:46:40.065538 -Train- Epoch [9][40/60]: loss:7.872713088989258, acc:0.83310546875, f1_score:0.6187339123902701
2022-04-09 19:46:54.402710 -Train- Epoch [9][60/60]: loss:7.923628807067871, acc:0.8311362906678083, f1_score:0.6204034278543746
--------------------------------------------------------------------------
Evaluation after [9/15] epochs...
2022-04-09 19:47:02.403687 -Eval- Loss:6.9253339767456055, acc:0.7587480304621849, f1_score:0.5940719921347625
Now best checkpoint is 0.5940719921347625, saved as /home/shenjiyuan/deepfake/deepfake/checkpoint/resnet18/1/best_model.pth
--------------------------------------------------------------------------
2022-04-09 19:47:18.655036 -Train- Epoch [10][20/60]: loss:7.832622051239014, acc:0.83173828125, f1_score:0.626695058215071
2022-04-09 19:47:31.521023 -Train- Epoch [10][40/60]: loss:7.618205547332764, acc:0.840625, f1_score:0.6286047715542954
2022-04-09 19:47:44.265680 -Train- Epoch [10][60/60]: loss:7.923287868499756, acc:0.8295510488013699, f1_score:0.6253408579056207
--------------------------------------------------------------------------
Evaluation after [10/15] epochs...
2022-04-09 19:47:52.867037 -Eval- Loss:6.5362677574157715, acc:0.7393480829831933, f1_score:0.509049235113735
--------------------------------------------------------------------------
2022-04-09 19:48:07.898381 -Train- Epoch [11][20/60]: loss:7.74949312210083, acc:0.83466796875, f1_score:0.6274211228519253
2022-04-09 19:48:21.067224 -Train- Epoch [11][40/60]: loss:7.8576340675354, acc:0.831640625, f1_score:0.6259864082845973
2022-04-09 19:48:34.063112 -Train- Epoch [11][60/60]: loss:7.8075852394104, acc:0.834017818921233, f1_score:0.6218694784318914
--------------------------------------------------------------------------
Evaluation after [11/15] epochs...
2022-04-09 19:48:42.405606 -Eval- Loss:6.4220170974731445, acc:0.05248818277310924, f1_score:0.034459053971881655
--------------------------------------------------------------------------
2022-04-09 19:48:56.627289 -Train- Epoch [12][20/60]: loss:7.829294204711914, acc:0.83173828125, f1_score:0.6284395796393942
2022-04-09 19:49:08.844875 -Train- Epoch [12][40/60]: loss:7.867791175842285, acc:0.83271484375, f1_score:0.6239071161208318
2022-04-09 19:49:22.212022 -Train- Epoch [12][60/60]: loss:7.699291706085205, acc:0.8378759096746575, f1_score:0.6285293529742033
--------------------------------------------------------------------------
Evaluation after [12/15] epochs...
2022-04-09 19:49:30.750998 -Eval- Loss:6.408675670623779, acc:0.7530527836134454, f1_score:0.576359645046973
--------------------------------------------------------------------------
2022-04-09 19:49:45.873623 -Train- Epoch [13][20/60]: loss:7.730130672454834, acc:0.83642578125, f1_score:0.6263704079021574
2022-04-09 19:49:57.276532 -Train- Epoch [13][40/60]: loss:7.937435626983643, acc:0.82998046875, f1_score:0.6204260363317842
2022-04-09 19:50:10.164273 -Train- Epoch [13][60/60]: loss:7.743879795074463, acc:0.833283390410959, f1_score:0.627495291591041
--------------------------------------------------------------------------
Evaluation after [13/15] epochs...
2022-04-09 19:50:18.440044 -Eval- Loss:6.712502479553223, acc:0.7556952468487395, f1_score:0.5969063658105992
Now best checkpoint is 0.5969063658105992, saved as /home/shenjiyuan/deepfake/deepfake/checkpoint/resnet18/1/best_model.pth
--------------------------------------------------------------------------
2022-04-09 19:50:31.936407 -Train- Epoch [14][20/60]: loss:7.653804302215576, acc:0.83583984375, f1_score:0.6306906642132211
2022-04-09 19:50:44.678901 -Train- Epoch [14][40/60]: loss:7.798788070678711, acc:0.83017578125, f1_score:0.6301569844522601
2022-04-09 19:50:57.786525 -Train- Epoch [14][60/60]: loss:7.726949214935303, acc:0.8368766053082192, f1_score:0.6218854323730681
--------------------------------------------------------------------------
Evaluation after [14/15] epochs...
2022-04-09 19:51:05.978611 -Eval- Loss:5.6861138343811035, acc:0.22433035714285715, f1_score:0.16291589048734764
--------------------------------------------------------------------------
2022-04-09 19:51:20.065977 -Train- Epoch [15][20/60]: loss:7.779172420501709, acc:0.83388671875, f1_score:0.6233063703991156
2022-04-09 19:51:32.130169 -Train- Epoch [15][40/60]: loss:7.905395984649658, acc:0.83134765625, f1_score:0.6251740106065145
2022-04-09 19:51:44.586911 -Train- Epoch [15][60/60]: loss:7.66747522354126, acc:0.8369956656678083, f1_score:0.632218344649236
--------------------------------------------------------------------------
Evaluation after [15/15] epochs...
2022-04-09 19:51:53.006839 -Eval- Loss:6.5700578689575195, acc:0.7599789915966387, f1_score:0.6138667607645844
Now best checkpoint is 0.6138667607645844, saved as /home/shenjiyuan/deepfake/deepfake/checkpoint/resnet18/1/best_model.pth
--------------------------------------------------------------------------
Finish train.~
